<?xml version="1.0" encoding="UTF-8"?>
<!-- Generated by org.testng.reporters.JUnitReportReporter -->
<testsuite skipped="0" hostname="DESKTOP-EP1U8J0" name="testcase.BaseTest" tests="1" failures="0" timestamp="17 Nov 2019 06:48:10 GMT" time="17.527" errors="0">
  <testcase name="test" time="17.527" classname="testcase.BaseTest"/>
</testsuite> <!-- testcase.BaseTest -->
