<?xml version="1.0" encoding="UTF-8"?>
<!-- Generated by org.testng.reporters.JUnitReportReporter -->
<testsuite skipped="0" hostname="DESKTOP-EP1U8J0" name="testcase.SkipSignInTest" tests="1" failures="0" timestamp="14 Dec 2019 10:08:44 GMT" time="23.540" errors="0">
  <testcase name="testSkipSignIn" time="23.540" classname="testcase.SkipSignInTest"/>
</testsuite> <!-- testcase.SkipSignInTest -->
